2017-10-10 14:58:48 DEBUG ZDecoder:26 - This is debug : 
2017-10-10 14:58:48 INFO  ZDecoder:30 - This is info : 
2017-10-10 14:58:48 WARN  ZDecoder:33 - This is warn : 
2017-10-10 14:58:48 ERROR ZDecoder:34 - This is error : 
2017-10-10 14:58:48 FATAL ZDecoder:35 - This is fatal : 
2017-10-10 14:59:43 DEBUG ZDecoder:26 - This is debug : 
2017-10-10 14:59:43 INFO  ZDecoder:30 - This is info : 
2017-10-10 14:59:43 WARN  ZDecoder:33 - This is warn : 
2017-10-10 14:59:43 ERROR ZDecoder:34 - This is error : 
2017-10-10 14:59:43 FATAL ZDecoder:35 - This is fatal : 
2017-10-10 14:59:58 DEBUG ZDecoder:26 - This is debug : 
2017-10-10 14:59:58 INFO  ZDecoder:30 - This is info : 
2017-10-10 14:59:58 WARN  ZDecoder:33 - This is warn : 
2017-10-10 14:59:58 ERROR ZDecoder:34 - This is error : 
2017-10-10 14:59:58 FATAL ZDecoder:35 - This is fatal : 
2017-10-10 15:01:23 DEBUG ZDecoder:26 - This is debug : 
2017-10-10 15:01:23 INFO  ZDecoder:30 - This is info : 
2017-10-10 15:01:23 WARN  ZDecoder:33 - This is warn : 
2017-10-10 15:01:23 ERROR ZDecoder:34 - This is error : 
2017-10-10 15:01:23 FATAL ZDecoder:35 - This is fatal : 
2017-10-10 15:13:54 DEBUG ZDecoder:26 - This is debug : 
2017-10-10 15:13:54 INFO  ZDecoder:30 - This is info : 
2017-10-10 15:13:54 WARN  ZDecoder:33 - This is warn : 
2017-10-10 15:13:54 ERROR ZDecoder:34 - This is error : 
2017-10-10 15:13:54 FATAL ZDecoder:35 - This is fatal : 
2017-10-10 15:14:29 DEBUG ZDecoder:26 - This is debug : 
2017-10-10 15:14:29 INFO  ZDecoder:30 - This is info : 
2017-10-10 15:14:29 WARN  ZDecoder:33 - This is warn : 
2017-10-10 15:14:29 ERROR ZDecoder:34 - This is error : 
2017-10-10 15:14:29 FATAL ZDecoder:35 - This is fatal : 
2017-10-10 15:15:03 DEBUG ZDecoder:26 - This is debug : 
2017-10-10 15:15:03 INFO  ZDecoder:30 - This is info : 
2017-10-10 15:15:03 WARN  ZDecoder:33 - This is warn : 
2017-10-10 15:15:03 ERROR ZDecoder:34 - This is error : 
2017-10-10 15:15:03 FATAL ZDecoder:35 - This is fatal : 
2017-10-10 15:18:08 DEBUG ZDecoder:26 - This is debug : 
2017-10-10 15:18:08 INFO  ZDecoder:30 - This is info : 
2017-10-10 15:18:08 WARN  ZDecoder:33 - This is warn : 
2017-10-10 15:18:08 ERROR ZDecoder:34 - This is error : 
2017-10-10 15:18:08 FATAL ZDecoder:35 - This is fatal : 
2017-10-10 15:28:54 DEBUG ZDecoder:26 - This is debug : 
2017-10-10 15:28:54 INFO  ZDecoder:30 - This is info : 
2017-10-10 15:28:54 WARN  ZDecoder:33 - This is warn : 
2017-10-10 15:28:54 ERROR ZDecoder:34 - This is error : 
2017-10-10 15:28:54 FATAL ZDecoder:35 - This is fatal : 
2017-10-10 15:30:13 DEBUG ZDecoder:26 - This is debug : 
2017-10-10 15:30:13 INFO  ZDecoder:30 - This is info : 
2017-10-10 15:30:13 WARN  ZDecoder:33 - This is warn : 
2017-10-10 15:30:13 ERROR ZDecoder:34 - This is error : 
2017-10-10 15:30:13 FATAL ZDecoder:35 - This is fatal : 
2017-10-10 15:30:22 DEBUG ZDecoder:26 - This is debug : 
2017-10-10 15:30:22 INFO  ZDecoder:30 - This is info : 
2017-10-10 15:30:22 WARN  ZDecoder:33 - This is warn : 
2017-10-10 15:30:22 ERROR ZDecoder:34 - This is error : 
2017-10-10 15:30:22 FATAL ZDecoder:35 - This is fatal : 
2017-10-10 15:31:08 INFO  ZDecoder:30 - This is info : 
2017-10-10 15:31:08 WARN  ZDecoder:33 - This is warn : 
2017-10-10 15:31:08 ERROR ZDecoder:34 - This is error : 
2017-10-10 15:31:08 FATAL ZDecoder:35 - This is fatal : 
2017-10-10 15:31:17 INFO  ZDecoder:30 - This is info : 
2017-10-10 15:31:17 WARN  ZDecoder:33 - This is warn : 
2017-10-10 15:31:17 ERROR ZDecoder:34 - This is error : 
2017-10-10 15:31:17 FATAL ZDecoder:35 - This is fatal : 
2017-10-10 15:32:06 INFO  ZDecoder:30 - This is info : 
2017-10-11 17:39:52 INFO  ZDecoder:30 - This is info : 
2017-10-11 17:45:23 INFO  ZDecoder:30 - This is info : 
2017-10-11 17:48:07 INFO  ZDecoder:30 - This is info : 
2017-10-11 17:51:44 INFO  ZDecoder:30 - This is info : 
2017-10-11 17:51:52 INFO  ZDecoder:30 - This is info : 
2017-10-11 17:57:24 INFO  ZDecoder:30 - This is info : 
2017-10-11 17:59:37 INFO  ZDecoder:30 - This is info : 
2017-10-11 18:51:17 INFO  ZDecoder:30 - This is info : 
2017-10-11 18:52:41 INFO  ZDecoder:30 - This is info : 
2017-10-11 18:54:30 INFO  ZDecoder:30 - This is info : 
2017-10-11 19:26:57 INFO  ZDecoder:30 - This is info : 
2017-10-11 19:28:11 INFO  ZDecoder:30 - This is info : 
2017-10-11 19:30:49 INFO  ZDecoder:30 - This is info : 
2017-10-11 19:31:40 INFO  ZDecoder:30 - This is info : 
2017-10-11 20:07:01 INFO  ZDecoder:30 - This is info : 
2017-10-11 20:08:17 INFO  ZDecoder:30 - This is info : 
2017-10-11 20:09:22 INFO  ZDecoder:30 - This is info : 
2017-10-11 21:37:02 INFO  ZDecoder:30 - This is info : 
2017-10-11 21:37:02 INFO  ZDecoder:30 - This is info : 
2017-10-11 21:37:03 INFO  ZDecoder:30 - This is info : 
2017-10-11 21:37:03 INFO  ZDecoder:30 - This is info : 
